<?xml version="1.0" encoding="UTF-8"?>
<!-- Generated by org.testng.reporters.JUnitXMLReporter -->
<testsuite ignored="2" hostname="DESKTOP-1SEO4JR" failures="0" tests="4" name="Default test" time="16.505" errors="0" timestamp="13 Mar. 2023 06:30:42 GMT">
  <testcase classname="com.crm.qa.testcases.AdminPageTest" name="submitFormTest" time="1.111"/>
  <testcase classname="com.crm.qa.testcases.AdminPageTest" name="submitFormTest" time="1.006"/>
  <testcase classname="com.crm.qa.testcases.AdminPageTest" name="submitFormTest" time="0.897"/>
  <testcase classname="com.crm.qa.testcases.AdminPageTest" name="submitFormTest" time="1.166"/>
  <testcase classname="com.crm.qa.testcases.AdminPageTest" name="verifyTitleTest" time="0.0">
    <ignored/>
  </testcase> <!-- verifyTitleTest -->
  <testcase classname="com.crm.qa.testcases.AdminPageTest" name="submitFormWithoutDetailsTest" time="0.0">
    <ignored/>
  </testcase> <!-- submitFormWithoutDetailsTest -->
</testsuite> <!-- Default test -->
